<?xml version="1.0" encoding="UTF-8"?>
<coverage generated="1630590378355" clover="3.2.0">
  <project timestamp="1630590378355" name="All files">
    <metrics statements="118" coveredstatements="104" conditionals="32" coveredconditionals="22" methods="50" coveredmethods="45" elements="200" coveredelements="171" complexity="0" loc="118" ncloc="118" packages="4" files="4" classes="4"/>
    <package name="todo-data-storage">
      <metrics statements="37" coveredstatements="25" conditionals="12" coveredconditionals="8" methods="11" coveredmethods="7"/>
      <file name="app.js" path="/home/hiroto/git/handson_nodejs/todo-data-storage/app.js">
        <metrics statements="37" coveredstatements="25" conditionals="12" coveredconditionals="8" methods="11" coveredmethods="7"/>
        <line num="2" count="1" type="stmt"/>
        <line num="3" count="1" type="stmt"/>
        <line num="6" count="1" type="stmt"/>
        <line num="8" count="1" type="stmt"/>
        <line num="10" count="1" type="stmt"/>
        <line num="13" count="1" type="stmt"/>
        <line num="14" count="5" type="cond" truecount="2" falsecount="0"/>
        <line num="15" count="2" type="stmt"/>
        <line num="17" count="3" type="stmt"/>
        <line num="18" count="3" type="stmt"/>
        <line num="22" count="1" type="stmt"/>
        <line num="23" count="4" type="stmt"/>
        <line num="25" count="4" type="cond" truecount="4" falsecount="0"/>
        <line num="27" count="2" type="stmt"/>
        <line num="28" count="2" type="stmt"/>
        <line num="29" count="2" type="stmt"/>
        <line num="31" count="2" type="stmt"/>
        <line num="32" count="2" type="stmt"/>
        <line num="37" count="2" type="stmt"/>
        <line num="38" count="0" type="stmt"/>
        <line num="40" count="0" type="cond" truecount="0" falsecount="2"/>
        <line num="41" count="0" type="stmt"/>
        <line num="43" count="0" type="stmt"/>
        <line num="44" count="0" type="stmt"/>
        <line num="45" count="0" type="stmt"/>
        <line num="50" count="1" type="stmt"/>
        <line num="55" count="1" type="stmt"/>
        <line num="56" count="0" type="stmt"/>
        <line num="57" count="0" type="cond" truecount="0" falsecount="2"/>
        <line num="58" count="0" type="stmt"/>
        <line num="60" count="0" type="stmt"/>
        <line num="61" count="0" type="stmt"/>
        <line num="62" count="0" type="stmt"/>
        <line num="67" count="1" type="stmt"/>
        <line num="68" count="5" type="stmt"/>
        <line num="69" count="5" type="cond" truecount="2" falsecount="0"/>
        <line num="73" count="1" type="stmt"/>
      </file>
    </package>
    <package name="todo-data-storage.file-system">
      <metrics statements="20" coveredstatements="20" conditionals="4" coveredconditionals="2" methods="14" coveredmethods="14"/>
      <file name="index.js" path="/home/hiroto/git/handson_nodejs/todo-data-storage/file-system/index.js">
        <metrics statements="20" coveredstatements="20" conditionals="4" coveredconditionals="2" methods="14" coveredmethods="14"/>
        <line num="3" count="2" type="stmt"/>
        <line num="4" count="2" type="stmt"/>
        <line num="6" count="2" type="stmt"/>
        <line num="8" count="20" type="stmt"/>
        <line num="9" count="56" type="stmt"/>
        <line num="11" count="20" type="stmt"/>
        <line num="13" count="36" type="stmt"/>
        <line num="18" count="9" type="stmt"/>
        <line num="19" count="16" type="stmt"/>
        <line num="21" count="2" type="stmt"/>
        <line num="22" count="14" type="stmt"/>
        <line num="24" count="2" type="stmt"/>
        <line num="25" count="3" type="stmt"/>
        <line num="27" count="3" type="stmt"/>
        <line num="29" count="2" type="stmt"/>
        <line num="33" count="2" type="stmt"/>
        <line num="36" count="1" type="cond" truecount="1" falsecount="1"/>
        <line num="40" count="15" type="stmt"/>
        <line num="42" count="14" type="stmt"/>
        <line num="44" count="1" type="cond" truecount="1" falsecount="1"/>
      </file>
    </package>
    <package name="todo-data-storage.leveldb">
      <metrics statements="28" coveredstatements="28" conditionals="6" coveredconditionals="4" methods="11" coveredmethods="11"/>
      <file name="index.js" path="/home/hiroto/git/handson_nodejs/todo-data-storage/leveldb/index.js">
        <metrics statements="28" coveredstatements="28" conditionals="6" coveredconditionals="4" methods="11" coveredmethods="11"/>
        <line num="3" count="1" type="stmt"/>
        <line num="4" count="1" type="stmt"/>
        <line num="7" count="1" type="stmt"/>
        <line num="10" count="1" type="stmt"/>
        <line num="11" count="11" type="stmt"/>
        <line num="13" count="11" type="stmt"/>
        <line num="14" count="20" type="stmt"/>
        <line num="16" count="11" type="stmt"/>
        <line num="20" count="1" type="stmt"/>
        <line num="21" count="9" type="stmt"/>
        <line num="23" count="9" type="stmt"/>
        <line num="28" count="8" type="stmt"/>
        <line num="32" count="9" type="stmt"/>
        <line num="36" count="14" type="stmt"/>
        <line num="44" count="1" type="stmt"/>
        <line num="45" count="3" type="stmt"/>
        <line num="47" count="2" type="stmt"/>
        <line num="48" count="2" type="stmt"/>
        <line num="53" count="2" type="stmt"/>
        <line num="56" count="2" type="cond" truecount="2" falsecount="0"/>
        <line num="57" count="1" type="stmt"/>
        <line num="61" count="2" type="stmt"/>
        <line num="64" count="1" type="cond" truecount="1" falsecount="1"/>
        <line num="68" count="1" type="stmt"/>
        <line num="69" count="15" type="stmt"/>
        <line num="70" count="14" type="stmt"/>
        <line num="75" count="14" type="stmt"/>
        <line num="77" count="1" type="cond" truecount="1" falsecount="1"/>
      </file>
    </package>
    <package name="todo-data-storage.sqlite">
      <metrics statements="33" coveredstatements="31" conditionals="10" coveredconditionals="8" methods="14" coveredmethods="13"/>
      <file name="index.js" path="/home/hiroto/git/handson_nodejs/todo-data-storage/sqlite/index.js">
        <metrics statements="33" coveredstatements="31" conditionals="10" coveredconditionals="8" methods="14" coveredmethods="13"/>
        <line num="3" count="1" type="stmt"/>
        <line num="4" count="1" type="stmt"/>
        <line num="5" count="1" type="cond" truecount="1" falsecount="1"/>
        <line num="11" count="1" type="stmt"/>
        <line num="14" count="1" type="stmt"/>
        <line num="15" count="1" type="stmt"/>
        <line num="16" count="33" type="stmt"/>
        <line num="17" count="33" type="stmt"/>
        <line num="20" count="33" type="cond" truecount="1" falsecount="1"/>
        <line num="26" count="1" type="stmt"/>
        <line num="28" count="1" type="stmt"/>
        <line num="34" count="0" type="stmt"/>
        <line num="35" count="0" type="stmt"/>
        <line num="40" count="30" type="stmt"/>
        <line num="43" count="1" type="stmt"/>
        <line num="44" count="11" type="stmt"/>
        <line num="46" count="1" type="stmt"/>
        <line num="47" count="9" type="stmt"/>
        <line num="48" count="9" type="stmt"/>
        <line num="50" count="1" type="stmt"/>
        <line num="51" count="14" type="stmt"/>
        <line num="59" count="1" type="stmt"/>
        <line num="60" count="3" type="stmt"/>
        <line num="61" count="3" type="stmt"/>
        <line num="63" count="3" type="stmt"/>
        <line num="64" count="6" type="cond" truecount="2" falsecount="0"/>
        <line num="65" count="3" type="stmt"/>
        <line num="66" count="3" type="stmt"/>
        <line num="69" count="3" type="stmt"/>
        <line num="70" count="3" type="stmt"/>
        <line num="71" count="3" type="cond" truecount="2" falsecount="0"/>
        <line num="77" count="15" type="stmt"/>
        <line num="78" count="15" type="cond" truecount="2" falsecount="0"/>
      </file>
    </package>
  </project>
</coverage>
