TN:
SF:app.js
FN:13,(anonymous_0)
FN:15,(anonymous_1)
FN:18,(anonymous_2)
FN:22,(anonymous_3)
FN:32,(anonymous_4)
FN:36,completedHandler
FN:37,(anonymous_6)
FN:39,(anonymous_7)
FN:55,(anonymous_8)
FN:56,(anonymous_9)
FN:67,(anonymous_10)
FNF:11
FNH:7
FNDA:5,(anonymous_0)
FNDA:1,(anonymous_1)
FNDA:2,(anonymous_2)
FNDA:4,(anonymous_3)
FNDA:1,(anonymous_4)
FNDA:2,completedHandler
FNDA:0,(anonymous_6)
FNDA:0,(anonymous_7)
FNDA:0,(anonymous_8)
FNDA:0,(anonymous_9)
FNDA:5,(anonymous_10)
DA:2,1
DA:3,1
DA:6,1
DA:8,1
DA:10,1
DA:13,1
DA:14,5
DA:15,2
DA:17,3
DA:18,3
DA:22,1
DA:23,4
DA:25,4
DA:27,2
DA:28,2
DA:29,2
DA:31,2
DA:32,2
DA:37,2
DA:38,0
DA:40,0
DA:41,0
DA:43,0
DA:44,0
DA:45,0
DA:50,1
DA:55,1
DA:56,0
DA:57,0
DA:58,0
DA:60,0
DA:61,0
DA:62,0
DA:67,1
DA:68,5
DA:69,5
DA:73,1
LF:37
LH:25
BRDA:14,0,0,2
BRDA:14,0,1,3
BRDA:25,1,0,2
BRDA:25,1,1,2
BRDA:25,2,0,4
BRDA:25,2,1,3
BRDA:40,3,0,0
BRDA:40,3,1,0
BRDA:57,4,0,0
BRDA:57,4,1,0
BRDA:69,5,0,5
BRDA:69,5,1,3
BRF:12
BRH:8
end_of_record
TN:
SF:file-system/index.js
FN:6,(anonymous_0)
FN:9,(anonymous_1)
FN:12,(anonymous_2)
FN:18,(anonymous_3)
FN:19,(anonymous_4)
FN:19,(anonymous_5)
FN:21,(anonymous_6)
FN:24,(anonymous_7)
FN:28,(anonymous_8)
FN:33,(anonymous_9)
FN:36,(anonymous_10)
FN:40,(anonymous_11)
FN:42,(anonymous_12)
FN:44,(anonymous_13)
FNF:14
FNH:14
FNDA:20,(anonymous_0)
FNDA:56,(anonymous_1)
FNDA:36,(anonymous_2)
FNDA:9,(anonymous_3)
FNDA:9,(anonymous_4)
FNDA:16,(anonymous_5)
FNDA:14,(anonymous_6)
FNDA:3,(anonymous_7)
FNDA:2,(anonymous_8)
FNDA:2,(anonymous_9)
FNDA:1,(anonymous_10)
FNDA:15,(anonymous_11)
FNDA:14,(anonymous_12)
FNDA:1,(anonymous_13)
DA:3,2
DA:4,2
DA:6,2
DA:8,20
DA:9,56
DA:11,20
DA:13,36
DA:18,9
DA:19,16
DA:21,2
DA:22,14
DA:24,2
DA:25,3
DA:27,3
DA:29,2
DA:33,2
DA:36,1
DA:40,15
DA:42,14
DA:44,1
LF:20
LH:20
BRDA:36,0,0,1
BRDA:36,0,1,0
BRDA:44,1,0,1
BRDA:44,1,1,0
BRF:4
BRH:2
end_of_record
TN:
SF:leveldb/index.js
FN:10,(anonymous_0)
FN:20,(anonymous_1)
FN:36,(anonymous_2)
FN:44,(anonymous_3)
FN:46,(anonymous_4)
FN:61,(anonymous_5)
FN:64,(anonymous_6)
FN:68,(anonymous_7)
FN:70,(anonymous_8)
FN:75,(anonymous_9)
FN:77,(anonymous_10)
FNF:11
FNH:11
FNDA:11,(anonymous_0)
FNDA:9,(anonymous_1)
FNDA:14,(anonymous_2)
FNDA:3,(anonymous_3)
FNDA:2,(anonymous_4)
FNDA:2,(anonymous_5)
FNDA:1,(anonymous_6)
FNDA:15,(anonymous_7)
FNDA:14,(anonymous_8)
FNDA:14,(anonymous_9)
FNDA:1,(anonymous_10)
DA:3,1
DA:4,1
DA:7,1
DA:10,1
DA:11,11
DA:13,11
DA:14,20
DA:16,11
DA:20,1
DA:21,9
DA:23,9
DA:28,8
DA:32,9
DA:36,14
DA:44,1
DA:45,3
DA:47,2
DA:48,2
DA:53,2
DA:56,2
DA:57,1
DA:61,2
DA:64,1
DA:68,1
DA:69,15
DA:70,14
DA:75,14
DA:77,1
LF:28
LH:28
BRDA:56,0,0,1
BRDA:56,0,1,1
BRDA:64,1,0,1
BRDA:64,1,1,0
BRDA:77,2,0,1
BRDA:77,2,1,0
BRF:6
BRH:4
end_of_record
TN:
SF:sqlite/index.js
FN:15,(anonymous_0)
FN:16,(anonymous_1)
FN:19,(anonymous_2)
FN:32,(anonymous_3)
FN:39,rowToTodo
FN:43,(anonymous_5)
FN:44,(anonymous_6)
FN:46,(anonymous_7)
FN:48,(anonymous_8)
FN:50,(anonymous_9)
FN:59,(anonymous_10)
FN:71,(anonymous_11)
FN:77,(anonymous_12)
FN:78,(anonymous_13)
FNF:14
FNH:13
FNDA:33,(anonymous_0)
FNDA:33,(anonymous_1)
FNDA:33,(anonymous_2)
FNDA:0,(anonymous_3)
FNDA:30,rowToTodo
FNDA:11,(anonymous_5)
FNDA:11,(anonymous_6)
FNDA:9,(anonymous_7)
FNDA:9,(anonymous_8)
FNDA:14,(anonymous_9)
FNDA:3,(anonymous_10)
FNDA:3,(anonymous_11)
FNDA:15,(anonymous_12)
FNDA:15,(anonymous_13)
DA:3,1
DA:4,1
DA:5,1
DA:11,1
DA:14,1
DA:15,1
DA:16,33
DA:17,33
DA:20,33
DA:26,1
DA:28,1
DA:34,0
DA:35,0
DA:40,30
DA:43,1
DA:44,11
DA:46,1
DA:47,9
DA:48,9
DA:50,1
DA:51,14
DA:59,1
DA:60,3
DA:61,3
DA:63,3
DA:64,6
DA:65,3
DA:66,3
DA:69,3
DA:70,3
DA:71,3
DA:77,15
DA:78,15
LF:33
LH:31
BRDA:5,0,0,0
BRDA:5,0,1,1
BRDA:20,1,0,0
BRDA:20,1,1,33
BRDA:64,2,0,3
BRDA:64,2,1,3
BRDA:71,3,0,2
BRDA:71,3,1,1
BRDA:78,4,0,14
BRDA:78,4,1,1
BRF:10
BRH:8
end_of_record
